2025-01-16 14:28:58,278 DEBUG    root            Loaded Command Group: ['gcloud', 'components']
2025-01-16 14:28:58,279 DEBUG    root            Loaded Command Group: ['gcloud', 'components', 'update']
2025-01-16 14:28:58,281 DEBUG    root            Running [gcloud.components.update] with arguments: [--quiet: "True", COMPONENT-IDS:8: "['gcloud', 'core', 'bq', 'gsutil', 'compute', 'preview', 'alpha', 'beta']"]
2025-01-16 14:28:58,282 INFO     ___FILE_ONLY___ Beginning update. This process may take several minutes.

2025-01-16 14:28:58,291 DEBUG    urllib3.connectionpool Starting new HTTPS connection (1): dl.google.com:443
2025-01-16 14:28:58,364 DEBUG    urllib3.connectionpool https://dl.google.com:443 "GET /dl/cloudsdk/channels/rapid/components-2.json HTTP/1.1" 200 227824
2025-01-16 14:28:58,378 WARNING  root            Component [compute] no longer exists.
2025-01-16 14:28:58,379 INFO     ___FILE_ONLY___ 

2025-01-16 14:28:58,379 INFO     ___FILE_ONLY___ 
Your current Google Cloud CLI version is: 506.0.0

2025-01-16 14:28:58,380 INFO     ___FILE_ONLY___ Installing components from version: 506.0.0

2025-01-16 14:28:58,380 INFO     ___FILE_ONLY___ 

2025-01-16 14:28:58,380 DEBUG    root            Chosen display Format:table[box,title="These components will be removed."](details.display_name:label=Name:align=left,version.version_string:label=Version:align=right,data.size.size(zero="",min=1048576):label=Size:align=right)
2025-01-16 14:28:58,380 DEBUG    root            Chosen display Format:table[box,title="These components will be updated."](details.display_name:label=Name:align=left,version.version_string:label=Version:align=right,data.size.size(zero="",min=1048576):label=Size:align=right)
2025-01-16 14:28:58,381 DEBUG    root            Chosen display Format:table[box,title="These components will be installed."](details.display_name:label=Name:align=left,version.version_string:label=Version:align=right,data.size.size(zero="",min=1048576):label=Size:align=right)
2025-01-16 14:28:58,395 INFO     ___FILE_ONLY___ ┌────────────────────────────────────────────────┐
2025-01-16 14:28:58,395 INFO     ___FILE_ONLY___ 

2025-01-16 14:28:58,395 INFO     ___FILE_ONLY___ │      These components will be installed.       │
2025-01-16 14:28:58,395 INFO     ___FILE_ONLY___ 

2025-01-16 14:28:58,395 INFO     ___FILE_ONLY___ ├─────────────────────────┬────────────┬─────────┤
2025-01-16 14:28:58,395 INFO     ___FILE_ONLY___ 

2025-01-16 14:28:58,395 INFO     ___FILE_ONLY___ │           Name          │  Version   │   Size  │
2025-01-16 14:28:58,395 INFO     ___FILE_ONLY___ 

2025-01-16 14:28:58,395 INFO     ___FILE_ONLY___ ├─────────────────────────┼────────────┼─────────┤
2025-01-16 14:28:58,395 INFO     ___FILE_ONLY___ 

2025-01-16 14:28:58,395 INFO     ___FILE_ONLY___ │ 
2025-01-16 14:28:58,395 INFO     ___FILE_ONLY___ gcloud Alpha Commands  
2025-01-16 14:28:58,395 INFO     ___FILE_ONLY___  
2025-01-16 14:28:58,395 INFO     ___FILE_ONLY___ │ 
2025-01-16 14:28:58,395 INFO     ___FILE_ONLY___ 2025.01.10
2025-01-16 14:28:58,395 INFO     ___FILE_ONLY___  
2025-01-16 14:28:58,395 INFO     ___FILE_ONLY___ │ 
2025-01-16 14:28:58,395 INFO     ___FILE_ONLY___ < 1 MiB
2025-01-16 14:28:58,396 INFO     ___FILE_ONLY___  
2025-01-16 14:28:58,396 INFO     ___FILE_ONLY___ │
2025-01-16 14:28:58,396 INFO     ___FILE_ONLY___ 

2025-01-16 14:28:58,396 INFO     ___FILE_ONLY___ │ 
2025-01-16 14:28:58,396 INFO     ___FILE_ONLY___ gcloud Beta Commands   
2025-01-16 14:28:58,396 INFO     ___FILE_ONLY___  
2025-01-16 14:28:58,396 INFO     ___FILE_ONLY___ │ 
2025-01-16 14:28:58,396 INFO     ___FILE_ONLY___ 2025.01.10
2025-01-16 14:28:58,396 INFO     ___FILE_ONLY___  
2025-01-16 14:28:58,396 INFO     ___FILE_ONLY___ │ 
2025-01-16 14:28:58,396 INFO     ___FILE_ONLY___ < 1 MiB
2025-01-16 14:28:58,396 INFO     ___FILE_ONLY___  
2025-01-16 14:28:58,396 INFO     ___FILE_ONLY___ │
2025-01-16 14:28:58,396 INFO     ___FILE_ONLY___ 

2025-01-16 14:28:58,396 INFO     ___FILE_ONLY___ │ 
2025-01-16 14:28:58,396 INFO     ___FILE_ONLY___ gcloud Preview Commands
2025-01-16 14:28:58,396 INFO     ___FILE_ONLY___  
2025-01-16 14:28:58,396 INFO     ___FILE_ONLY___ │ 
2025-01-16 14:28:58,396 INFO     ___FILE_ONLY___           
2025-01-16 14:28:58,396 INFO     ___FILE_ONLY___  
2025-01-16 14:28:58,397 INFO     ___FILE_ONLY___ │ 
2025-01-16 14:28:58,397 INFO     ___FILE_ONLY___ < 1 MiB
2025-01-16 14:28:58,397 INFO     ___FILE_ONLY___  
2025-01-16 14:28:58,397 INFO     ___FILE_ONLY___ │
2025-01-16 14:28:58,397 INFO     ___FILE_ONLY___ 

2025-01-16 14:28:58,397 INFO     ___FILE_ONLY___ └─────────────────────────┴────────────┴─────────┘
2025-01-16 14:28:58,397 INFO     ___FILE_ONLY___ 

2025-01-16 14:28:58,397 INFO     ___FILE_ONLY___ 

2025-01-16 14:28:58,400 DEBUG    urllib3.connectionpool Starting new HTTPS connection (1): dl.google.com:443
2025-01-16 14:28:58,473 DEBUG    urllib3.connectionpool https://dl.google.com:443 "GET /dl/cloudsdk/channels/rapid/RELEASE_NOTES HTTP/1.1" 200 1339934
2025-01-16 14:28:58,519 INFO     ___FILE_ONLY___ For the latest full release notes, please visit:
  https://cloud.google.com/sdk/release_notes


2025-01-16 14:28:58,520 INFO     ___FILE_ONLY___ Performing in place update...


2025-01-16 14:28:58,522 INFO     ___FILE_ONLY___ ╔════════════════════════════════════════════════════════════╗

2025-01-16 14:28:58,522 INFO     ___FILE_ONLY___ ╠═ Downloading: gcloud Alpha Commands                       ═╣

2025-01-16 14:28:58,522 INFO     ___FILE_ONLY___ ╚
2025-01-16 14:28:58,525 DEBUG    urllib3.connectionpool Starting new HTTPS connection (1): dl.google.com:443
2025-01-16 14:28:58,618 DEBUG    urllib3.connectionpool https://dl.google.com:443 "GET /dl/cloudsdk/channels/rapid/components/google-cloud-sdk-alpha-20250110133808.tar.gz HTTP/1.1" 200 800
2025-01-16 14:28:58,619 INFO     ___FILE_ONLY___ ════════════════════════════════════════════════════════════
2025-01-16 14:28:58,619 INFO     ___FILE_ONLY___ ╝

2025-01-16 14:28:58,621 INFO     ___FILE_ONLY___ ╔════════════════════════════════════════════════════════════╗

2025-01-16 14:28:58,621 INFO     ___FILE_ONLY___ ╠═ Downloading: gcloud Beta Commands                        ═╣

2025-01-16 14:28:58,621 INFO     ___FILE_ONLY___ ╚
2025-01-16 14:28:58,624 DEBUG    urllib3.connectionpool Starting new HTTPS connection (1): dl.google.com:443
2025-01-16 14:28:58,693 DEBUG    urllib3.connectionpool https://dl.google.com:443 "GET /dl/cloudsdk/channels/rapid/components/google-cloud-sdk-beta-20250110133808.tar.gz HTTP/1.1" 200 797
2025-01-16 14:28:58,694 INFO     ___FILE_ONLY___ ════════════════════════════════════════════════════════════
2025-01-16 14:28:58,694 INFO     ___FILE_ONLY___ ╝

2025-01-16 14:28:58,696 INFO     ___FILE_ONLY___ ╔════════════════════════════════════════════════════════════╗

2025-01-16 14:28:58,696 INFO     ___FILE_ONLY___ ╠═ Downloading: gcloud Preview Commands                     ═╣

2025-01-16 14:28:58,696 INFO     ___FILE_ONLY___ ╚
2025-01-16 14:28:58,699 DEBUG    urllib3.connectionpool Starting new HTTPS connection (1): dl.google.com:443
2025-01-16 14:28:58,797 DEBUG    urllib3.connectionpool https://dl.google.com:443 "GET /dl/cloudsdk/channels/rapid/components/google-cloud-sdk-preview-20241115154308.tar.gz HTTP/1.1" 200 823
2025-01-16 14:28:58,798 INFO     ___FILE_ONLY___ ════════════════════════════════════════════════════════════
2025-01-16 14:28:58,798 INFO     ___FILE_ONLY___ ╝

2025-01-16 14:28:58,800 INFO     ___FILE_ONLY___ ╔════════════════════════════════════════════════════════════╗

2025-01-16 14:28:58,800 INFO     ___FILE_ONLY___ ╠═ Installing: gcloud Alpha Commands                        ═╣

2025-01-16 14:28:58,800 INFO     ___FILE_ONLY___ ╚
2025-01-16 14:28:58,801 INFO     ___FILE_ONLY___ ════════════════════════════════════════════════════════════
2025-01-16 14:28:58,801 INFO     ___FILE_ONLY___ ╝

2025-01-16 14:28:58,810 INFO     ___FILE_ONLY___ ╔════════════════════════════════════════════════════════════╗

2025-01-16 14:28:58,810 INFO     ___FILE_ONLY___ ╠═ Installing: gcloud Beta Commands                         ═╣

2025-01-16 14:28:58,810 INFO     ___FILE_ONLY___ ╚
2025-01-16 14:28:58,811 INFO     ___FILE_ONLY___ ════════════════════════════════════════════════════════════
2025-01-16 14:28:58,811 INFO     ___FILE_ONLY___ ╝

2025-01-16 14:28:58,815 INFO     ___FILE_ONLY___ ╔════════════════════════════════════════════════════════════╗

2025-01-16 14:28:58,815 INFO     ___FILE_ONLY___ ╠═ Installing: gcloud Preview Commands                      ═╣

2025-01-16 14:28:58,815 INFO     ___FILE_ONLY___ ╚
2025-01-16 14:28:58,816 INFO     ___FILE_ONLY___ ════════════════════════════════════════════════════════════
2025-01-16 14:28:58,816 INFO     ___FILE_ONLY___ ╝

2025-01-16 14:28:58,820 DEBUG    root            Updating notification cache...
2025-01-16 14:28:58,821 INFO     ___FILE_ONLY___ 

2025-01-16 14:28:58,822 INFO     ___FILE_ONLY___ Performing post processing steps...
2025-01-16 14:28:58,823 DEBUG    root            Executing command: ['/tools/google-cloud-sdk/bin/gcloud', 'components', 'post-process']
2025-01-16 14:29:07,213 DEBUG    ___FILE_ONLY___ 
2025-01-16 14:29:07,213 DEBUG    ___FILE_ONLY___ 
2025-01-16 14:29:07,334 INFO     ___FILE_ONLY___ 
Update done!


2025-01-16 14:29:07,336 DEBUG    root            Chosen display Format:none
2025-01-16 14:29:07,337 INFO     root            Display format: "none"
